
[2022-09-24T10:11:21.174473+00:00] QATAR2022.INFO: User Administrador init session [] []
[2022-09-24T12:39:10.255355+00:00] QATAR2022.INFO: User Administrador init session [] []
[2022-09-24T12:42:33.515704+00:00] QATAR2022.INFO: User Administrador init session [] []
[2022-09-24T14:57:47.454929+00:00] QATAR2022.INFO: Usuario: Administrador, Partido: 1, Resultado: 1 - 0, Ronda: 1 [] []
[2022-09-24T14:57:47.469119+00:00] QATAR2022.INFO: Usuario: Administrador, Partido: 2, Resultado: 4 - 0, Ronda: 1 [] []
[2022-09-24T14:57:47.472506+00:00] QATAR2022.INFO: Usuario: Administrador, Partido: 9, Resultado: 0 - 5, Ronda: 1 [] []
[2022-09-24T15:02:00.589799+00:00] LoadResults.INFO: User: Administrador, Match: 1, Result: 1 - 0, Round: 1 [] []
[2022-09-24T15:02:00.595091+00:00] LoadResults.INFO: User: Administrador, Match: 2, Result: 4 - 0, Round: 1 [] []
[2022-09-24T15:02:00.597811+00:00] LoadResults.INFO: User: Administrador, Match: 9, Result: 0 - 5, Round: 1 [] []
[2022-09-24T15:02:00.600665+00:00] LoadResults.INFO: User: Administrador, Match: 48, Result: 2 - 1, Round: 1 [] []
[2022-09-24T15:03:26.276268+00:00] LoadResults.INFO: User: Administrador, Match: 1, Result: 1 - 0, Round: 1 [] []
[2022-09-24T15:03:26.281610+00:00] LoadResults.INFO: User: Administrador, Match: 2, Result: 4 - 0, Round: 1 [] []
[2022-09-24T15:03:26.284034+00:00] LoadResults.INFO: User: Administrador, Match: 9, Result: 0 - 5, Round: 1 [] []
[2022-09-24T15:03:26.286225+00:00] LoadResults.INFO: User: Administrador, Match: 46, Result: 2 - 0, Round: 1 [] []
[2022-09-24T15:03:26.288657+00:00] LoadResults.INFO: User: Administrador, Match: 48, Result: 2 - 1, Round: 1 [] []
[2022-09-24T15:07:07.185887+00:00] LoadResults.INFO: User: Administrador, Match: 1, Result: 1 - 0, Round: 1 [] []
[2022-09-24T15:07:07.191180+00:00] LoadResults.INFO: User: Administrador, Match: 2, Result: 4 - 0, Round: 1 [] []
[2022-09-24T15:07:07.193281+00:00] LoadResults.INFO: User: Administrador, Match: 9, Result: 0 - 5, Round: 1 [] []
[2022-09-24T15:07:07.196160+00:00] LoadResults.INFO: User: Administrador, Match: 46, Result: 2 - 0, Round: 1 [] []
[2022-09-24T15:07:07.198121+00:00] LoadResults.INFO: User: Administrador, Match: 48, Result: 2 - 1, Round: 1 [] []
[2022-09-24T15:07:44.555849+00:00] LoadResults.INFO: User: Administrador, Match: 1, Result: 1 - 0, Round: 1 [] []
[2022-09-24T15:07:44.560969+00:00] LoadResults.INFO: User: Administrador, Match: 2, Result: 4 - 0, Round: 1 [] []
[2022-09-24T15:07:44.562931+00:00] LoadResults.INFO: User: Administrador, Match: 9, Result: 0 - 5, Round: 1 [] []
[2022-09-24T15:07:44.564847+00:00] LoadResults.INFO: User: Administrador, Match: 46, Result: 2 - 0, Round: 1 [] []
[2022-09-24T15:07:44.567187+00:00] LoadResults.INFO: User: Administrador, Match: 48, Result: 2 - 1, Round: 1 [] []
[2022-09-24T15:18:14.529303+00:00] QATAR2022.INFO: User Administrador close session [] []
[2022-09-24T15:35:20.488762+00:00] QATAR2022.INFO: User Administrador init session [] []
[2022-09-24T15:35:32.495255+00:00] QATAR2022.INFO: User Administrador init session [] []
[2022-09-24T15:43:23.887160+00:00] QATAR2022.INFO: User Administrador init session [] []
[2022-09-24T15:49:37.132007+00:00] QATAR2022.INFO: User Administrador init session [] []
[2022-09-24T15:49:50.269169+00:00] QATAR2022.INFO: User Administrador init session [] []
[2022-09-24T15:50:52.808554+00:00] QATAR2022.INFO: User Administrador init session [] []
[2022-09-24T16:48:25.883788+00:00] QATAR2022.INFO: User Administrador init session [] []
[2022-09-24T16:48:39.912039+00:00] QATAR2022.INFO: User Administrador close session [] []
[2022-09-24T17:09:49.733486+00:00] QATAR2022.INFO: User Administrador init session [] []
[2022-09-24T17:18:55.366445+00:00] QATAR2022.INFO: User Administrador init session [] []
[2022-09-24T17:25:15.216703+00:00] LoadResults.INFO: User: Administrador, Match: 1, Result: 1 - 2, Round: 1 [] []
[2022-09-24T17:25:15.222288+00:00] LoadResults.INFO: User: Administrador, Match: 2, Result: 4 - 0, Round: 1 [] []
[2022-09-24T17:25:15.224618+00:00] LoadResults.INFO: User: Administrador, Match: 9, Result: 0 - 5, Round: 1 [] []
[2022-09-24T17:25:15.227942+00:00] LoadResults.INFO: User: Administrador, Match: 46, Result: 2 - 0, Round: 1 [] []
[2022-09-24T17:25:15.230450+00:00] LoadResults.INFO: User: Administrador, Match: 48, Result: 2 - 1, Round: 1 [] []
[2022-09-24T17:34:50.155602+00:00] QATAR2022.INFO: User Administrador close session [] []
[2022-09-24T17:35:11.383308+00:00] QATAR2022.INFO: User Administrador init session [] []
[2022-09-24T17:35:27.419652+00:00] QATAR2022.INFO: User Administrador close session [] []
[2022-09-24T17:38:11.641200+00:00] QATAR2022.INFO: User Administrador init session [] []
[2022-09-24T17:38:28.782844+00:00] LoadResults.INFO: User: Administrador, Match: 1, Result: 1 - 2, Round: 1 [] []
[2022-09-24T17:38:28.787728+00:00] LoadResults.INFO: User: Administrador, Match: 2, Result: 4 - 0, Round: 1 [] []
[2022-09-24T17:38:28.790173+00:00] LoadResults.INFO: User: Administrador, Match: 9, Result: 0 - 5, Round: 1 [] []
[2022-09-24T17:38:28.792618+00:00] LoadResults.INFO: User: Administrador, Match: 46, Result: 2 - 0, Round: 1 [] []
[2022-09-24T17:38:28.795057+00:00] LoadResults.INFO: User: Administrador, Match: 48, Result: 2 - 1, Round: 1 [] []
[2022-09-25T11:41:03.727275+00:00] QATAR2022.INFO: User Administrador init session [] []
[2022-09-25T18:50:15.471242+00:00] QATAR2022.INFO: User Administrador close session [] []
[2022-09-25T18:51:21.491712+00:00] QATAR2022.INFO: User Administrador init session [] []
[2022-09-25T18:56:18.409562+00:00] deleteResults.INFO: Deleting results for user: Administrador, Round: 1 [] []
[2022-09-25T18:56:18.415041+00:00] LoadResults.INFO: User: Administrador, Match: 9, Result: 2 - 5, Round: 1 [] []
[2022-09-25T18:56:18.417532+00:00] LoadResults.INFO: User: Administrador, Match: 46, Result: 2 - 0, Round: 1 [] []
[2022-09-25T18:56:18.420374+00:00] LoadResults.INFO: User: Administrador, Match: 48, Result: 3 - 1, Round: 1 [] []
[2022-09-25T18:59:22.532034+00:00] deleteResults.INFO: Deleting results for user: Administrador, Round: 1 [] []
[2022-09-25T18:59:22.547678+00:00] LoadResults.INFO: User: Administrador, Match: 9, Result: 2 - 5, Round: 1 [] []
[2022-09-25T18:59:22.550320+00:00] LoadResults.INFO: User: Administrador, Match: 46, Result: 2 - 0, Round: 1 [] []
[2022-09-25T18:59:22.552847+00:00] LoadResults.INFO: User: Administrador, Match: 48, Result: 3 - 1, Round: 1 [] []
[2022-09-25T20:08:27.855685+00:00] QATAR2022.INFO: User Administrador close session [] []
[2022-09-25T20:48:43.297789+00:00] QATAR2022.INFO: User  close session [] []
[2022-09-25T20:50:28.612891+00:00] QATAR2022.INFO: User  close session [] []
[2022-09-25T20:50:53.354210+00:00] QATAR2022.INFO: User Administrador init session [] []
[2022-09-30T10:06:23.075536+00:00] QATAR2022.INFO: User Administrador init session [] []
[2022-09-30T10:16:29.581497+00:00] QATAR2022.INFO: User Administrador init session [] []
[2022-09-30T10:16:38.573918+00:00] QATAR2022.INFO: User Administrador close session [] []
[2022-09-30T10:24:27.176526+00:00] QATAR2022.INFO: User Administrador init session [] []
[2022-09-30T10:24:28.880896+00:00] QATAR2022.INFO: User Administrador close session [] []
[2022-09-30T10:24:32.635077+00:00] QATAR2022.INFO: User Administrador init session [] []
[2022-09-30T10:24:34.059554+00:00] QATAR2022.INFO: User Administrador close session [] []
[2022-09-30T10:25:05.571510+00:00] QATAR2022.INFO: User Administrador init session [] []
[2022-10-09T12:14:01.382417+00:00] QATAR 2022.INFO: User Luis Eduardo De Lima close session [] []
[2022-10-09T12:14:03.624307+00:00] QATAR 2022.INFO: User Luis Eduardo De Lima init session [] []
